e:\studia\semestr 3\c++\projekt 2018\wyspa wilkow\wyspa wilkow\release\vc141.pdb
e:\studia\semestr 3\c++\projekt 2018\wyspa wilkow\wyspa wilkow\release\zwierze.obj
e:\studia\semestr 3\c++\projekt 2018\wyspa wilkow\wyspa wilkow\release\wilk.obj
e:\studia\semestr 3\c++\projekt 2018\wyspa wilkow\wyspa wilkow\release\wilczyca.obj
e:\studia\semestr 3\c++\projekt 2018\wyspa wilkow\wyspa wilkow\release\tablicazwierzat.obj
e:\studia\semestr 3\c++\projekt 2018\wyspa wilkow\wyspa wilkow\release\okno.obj
e:\studia\semestr 3\c++\projekt 2018\wyspa wilkow\wyspa wilkow\release\logika.obj
e:\studia\semestr 3\c++\projekt 2018\wyspa wilkow\wyspa wilkow\release\krolik.obj
e:\studia\semestr 3\c++\projekt 2018\wyspa wilkow\wyspa wilkow\release\gui.obj
e:\studia\semestr 3\c++\projekt 2018\wyspa wilkow\wyspa wilkow\release\drzewka.obj
e:\studia\semestr 3\c++\projekt 2018\wyspa wilkow\release\wyspa wilkow.exe
e:\studia\semestr 3\c++\projekt 2018\wyspa wilkow\release\wyspa wilkow.pdb
e:\studia\semestr 3\c++\projekt 2018\wyspa wilkow\release\wyspa wilkow.ipdb
e:\studia\semestr 3\c++\projekt 2018\wyspa wilkow\release\wyspa wilkow.iobj
e:\studia\semestr 3\c++\projekt 2018\wyspa wilkow\wyspa wilkow\release\wyspa wilkow.tlog\cl.command.1.tlog
e:\studia\semestr 3\c++\projekt 2018\wyspa wilkow\wyspa wilkow\release\wyspa wilkow.tlog\cl.read.1.tlog
e:\studia\semestr 3\c++\projekt 2018\wyspa wilkow\wyspa wilkow\release\wyspa wilkow.tlog\cl.write.1.tlog
e:\studia\semestr 3\c++\projekt 2018\wyspa wilkow\wyspa wilkow\release\wyspa wilkow.tlog\link.command.1.tlog
e:\studia\semestr 3\c++\projekt 2018\wyspa wilkow\wyspa wilkow\release\wyspa wilkow.tlog\link.read.1.tlog
e:\studia\semestr 3\c++\projekt 2018\wyspa wilkow\wyspa wilkow\release\wyspa wilkow.tlog\link.write.1.tlog
e:\studia\semestr 3\c++\projekt 2018\wyspa wilkow\wyspa wilkow\release\wyspa wilkow.tlog\wyspa wilkow.write.1u.tlog
